<?xml version="1.0" encoding="UTF-8"?>
<testsuite xmlns:xsi="http://www.w3.org/2001/XMLSchema-instance" xsi:noNamespaceSchemaLocation="https://maven.apache.org/surefire/maven-surefire-plugin/xsd/surefire-test-report.xsd" name="pl.michal_m.maven.TrafficLightsTest" time="0.016" tests="3" errors="3" skipped="0" failures="0">
  <properties>
[...]
</properties>
  <testcase name="tryStartRun" classname="pl.michal_m.maven.TrafficLightsTest" time="0.009">
    <error message="No ParameterResolver registered for parameter [pl.michal_m.maven.TrafficLightColors arg0] in constructor [pl.michal_m.maven.TrafficLightsTest(pl.michal_m.maven.TrafficLightColors)]." type="org.junit.jupiter.api.extension.ParameterResolutionException">org.junit.jupiter.api.extension.ParameterResolutionException: No ParameterResolver registered for parameter [pl.michal_m.maven.TrafficLightColors arg0] in constructor [pl.michal_m.maven.TrafficLightsTest(pl.michal_m.maven.TrafficLightColors)].
</error>
  </testcase>
  <testcase name="tryChangeLightColor" classname="pl.michal_m.maven.TrafficLightsTest" time="0">
    <error message="No ParameterResolver registered for parameter [pl.michal_m.maven.TrafficLightColors arg0] in constructor [pl.michal_m.maven.TrafficLightsTest(pl.michal_m.maven.TrafficLightColors)]." type="org.junit.jupiter.api.extension.ParameterResolutionException">org.junit.jupiter.api.extension.ParameterResolutionException: No ParameterResolver registered for parameter [pl.michal_m.maven.TrafficLightColors arg0] in constructor [pl.michal_m.maven.TrafficLightsTest(pl.michal_m.maven.TrafficLightColors)].
</error>
  </testcase>
  <testcase name="waitingForLightChanging" classname="pl.michal_m.maven.TrafficLightsTest" time="0.001">
    <error message="No ParameterResolver registered for parameter [pl.michal_m.maven.TrafficLightColors arg0] in constructor [pl.michal_m.maven.TrafficLightsTest(pl.michal_m.maven.TrafficLightColors)]." type="org.junit.jupiter.api.extension.ParameterResolutionException">org.junit.jupiter.api.extension.ParameterResolutionException: No ParameterResolver registered for parameter [pl.michal_m.maven.TrafficLightColors arg0] in constructor [pl.michal_m.maven.TrafficLightsTest(pl.michal_m.maven.TrafficLightColors)].
</error>
  </testcase>
</testsuite>